<?xml version="1.0" encoding="UTF-8"?>
<!-- Generated by org.testng.reporters.JUnitReportReporter -->
<testsuite hostname="LAPTOP-D2O85CJP" failures="0" tests="1" name="com.cleartrip.qa.testcases.SearchFlights" time="4.127" errors="0" timestamp="2021-07-16T23:19:30 IST" skipped="0">
  <testcase classname="com.cleartrip.qa.testcases.SearchFlights" name="test1" time="4.127"/>
  <system-out/>
</testsuite> <!-- com.cleartrip.qa.testcases.SearchFlights -->
